<testsuites id="" name="" tests="15" failures="5" skipped="7" errors="0" time="19.521935000000003">
<testsuite name="global.setup.ts" timestamp="2025-12-12T04:54:27.173Z" hostname="Setup" tests="1" failures="1" skipped="0" time="0.017" errors="0">
<testcase name="Global setup for login" classname="global.setup.ts" time="0.017">
<failure message="global.setup.ts:6:5 Global setup for login" type="FAILURE">
<![CDATA[  [Setup] › global.setup.ts:6:5 › Global setup for login ───────────────────────────────────────────

    Error: browserType.launch: Executable doesn't exist at C:\Users\Tesla Laptops\AppData\Local\ms-playwright\chromium_headless_shell-1194\chrome-win\headless_shell.exe
    ╔═════════════════════════════════════════════════════════════════════════╗
    ║ Looks like Playwright Test or Playwright was just installed or updated. ║
    ║ Please run the following command to download new browsers:              ║
    ║                                                                         ║
    ║     npx playwright install                                              ║
    ║                                                                         ║
    ║ <3 Playwright Team                                                      ║
    ╚═════════════════════════════════════════════════════════════════════════╝

    attachment #1: trace (application/zip) ─────────────────────────────────────────────────────────
    ..\..\test-results\global.setup.ts-Global-setup-for-login-Setup\trace.zip
    Usage:

        npx playwright show-trace ..\..\test-results\global.setup.ts-Global-setup-for-login-Setup\trace.zip

    ────────────────────────────────────────────────────────────────────────────────────────────────
]]>
</failure>
<system-out>
<![CDATA[
[[ATTACHMENT|global.setup.ts-Global-setup-for-login-Setup\trace.zip]]
]]>
</system-out>
</testcase>
</testsuite>
<testsuite name="login-module-test.spec.ts" timestamp="2025-12-12T04:54:27.173Z" hostname="chromium" tests="4" failures="0" skipped="4" time="0" errors="0">
<testcase name="Invalid login Test › test [Login] Verify that the user can not log in with an invalid password." classname="login-module-test.spec.ts" time="0">
<properties>
<property name="Story Link" value="Link of Story https://dev.azure.com/wishinfinite/WishInfinite/_workitems/edit/1/">
</property>
</properties>
<skipped>
</skipped>
</testcase>
<testcase name="Invalid login Test › test [Login] Verify that the user can not log in with an invalid username." classname="login-module-test.spec.ts" time="0">
<properties>
<property name="Story Link" value="Link of Story https://dev.azure.com/wishinfinite/WishInfinite/_workitems/edit/1/">
</property>
</properties>
<skipped>
</skipped>
</testcase>
<testcase name="test [Login] Verify that the user can not log in with both an invalid username and password." classname="login-module-test.spec.ts" time="0">
<skipped>
</skipped>
</testcase>
<testcase name="[Login] Verify that the user can log in with valid username and password." classname="login-module-test.spec.ts" time="0">
<properties>
<property name="Test Case Link" value="https://dev.azure.com/wishinfinite/WishInfinite/_workitems/edit/7/">
</property>
</properties>
<skipped>
</skipped>
</testcase>
</testsuite>
<testsuite name="pim-module.spec.ts" timestamp="2025-12-12T04:54:27.173Z" hostname="chromium" tests="1" failures="0" skipped="1" time="0" errors="0">
<testcase name="PIM|Verify that a new employee is successfully created under the PIM module." classname="pim-module.spec.ts" time="0">
<properties>
<property name="jira test case link" value="https://jira.company.com/PROJ-101">
</property>
</properties>
<skipped>
</skipped>
</testcase>
</testsuite>
<testsuite name="temp-test.spec.ts" timestamp="2025-12-12T04:54:27.173Z" hostname="chromium" tests="2" failures="0" skipped="2" time="0" errors="0">
<testcase name="Temp test" classname="temp-test.spec.ts" time="0">
<skipped>
</skipped>
</testcase>
<testcase name="validating Title" classname="temp-test.spec.ts" time="0">
<skipped>
</skipped>
</testcase>
</testsuite>
<testsuite name="..\api-test\restful-booker-api-module.spec.ts" timestamp="2025-12-12T04:54:27.173Z" hostname="apiTest" tests="7" failures="4" skipped="0" time="7.765" errors="0">
<testcase name="Api Testing" classname="..\api-test\restful-booker-api-module.spec.ts" time="1.87">
<system-out>
<![CDATA[[
  { bookingid: [33m950[39m },  { bookingid: [33m1068[39m }, { bookingid: [33m1324[39m },
  { bookingid: [33m1626[39m }, { bookingid: [33m1150[39m }, { bookingid: [33m495[39m },
  { bookingid: [33m28[39m },   { bookingid: [33m237[39m },  { bookingid: [33m553[39m },
  { bookingid: [33m203[39m },  { bookingid: [33m730[39m },  { bookingid: [33m687[39m },
  { bookingid: [33m217[39m },  { bookingid: [33m1869[39m }, { bookingid: [33m282[39m },
  { bookingid: [33m865[39m },  { bookingid: [33m1544[39m }, { bookingid: [33m1974[39m },
  { bookingid: [33m1895[39m }, { bookingid: [33m850[39m },  { bookingid: [33m1643[39m },
  { bookingid: [33m1093[39m }, { bookingid: [33m316[39m },  { bookingid: [33m214[39m },
  { bookingid: [33m740[39m },  { bookingid: [33m835[39m },  { bookingid: [33m642[39m },
  { bookingid: [33m1868[39m }, { bookingid: [33m9[39m },    { bookingid: [33m1097[39m },
  { bookingid: [33m266[39m },  { bookingid: [33m707[39m },  { bookingid: [33m1101[39m },
  { bookingid: [33m1971[39m }, { bookingid: [33m729[39m },  { bookingid: [33m1421[39m },
  { bookingid: [33m645[39m },  { bookingid: [33m1752[39m }, { bookingid: [33m27[39m },
  { bookingid: [33m1844[39m }, { bookingid: [33m1671[39m }, { bookingid: [33m40[39m },
  { bookingid: [33m291[39m },  { bookingid: [33m1379[39m }, { bookingid: [33m751[39m },
  { bookingid: [33m1437[39m }, { bookingid: [33m978[39m },  { bookingid: [33m1083[39m },
  { bookingid: [33m1832[39m }, { bookingid: [33m180[39m },  { bookingid: [33m814[39m },
  { bookingid: [33m1713[39m }, { bookingid: [33m1739[39m }, { bookingid: [33m1127[39m },
  { bookingid: [33m1590[39m }, { bookingid: [33m65[39m },   { bookingid: [33m1027[39m },
  { bookingid: [33m100[39m },  { bookingid: [33m1396[39m }, { bookingid: [33m885[39m },
  { bookingid: [33m31[39m },   { bookingid: [33m1630[39m }, { bookingid: [33m84[39m },
  { bookingid: [33m745[39m },  { bookingid: [33m1704[39m }, { bookingid: [33m749[39m },
  { bookingid: [33m117[39m },  { bookingid: [33m300[39m },  { bookingid: [33m1995[39m },
  { bookingid: [33m1238[39m }, { bookingid: [33m345[39m },  { bookingid: [33m2014[39m },
  { bookingid: [33m677[39m },  { bookingid: [33m1664[39m }, { bookingid: [33m672[39m },
  { bookingid: [33m1928[39m }, { bookingid: [33m1267[39m }, { bookingid: [33m1002[39m },
  { bookingid: [33m874[39m },  { bookingid: [33m837[39m },  { bookingid: [33m1125[39m },
  { bookingid: [33m1730[39m }, { bookingid: [33m2016[39m }, { bookingid: [33m886[39m },
  { bookingid: [33m184[39m },  { bookingid: [33m1683[39m }, { bookingid: [33m1118[39m },
  { bookingid: [33m43[39m },   { bookingid: [33m804[39m },  { bookingid: [33m1111[39m },
  { bookingid: [33m1654[39m }, { bookingid: [33m1155[39m }, { bookingid: [33m7[39m },
  { bookingid: [33m1075[39m }, { bookingid: [33m1138[39m }, { bookingid: [33m390[39m },
  { bookingid: [33m442[39m },  { bookingid: [33m690[39m },  { bookingid: [33m375[39m },
  { bookingid: [33m478[39m },
  ... 1308 more items
]
]]>
</system-out>
</testcase>
<testcase name="id - 8 [Restful-Booker &gt; Booking] Verify that the user is able to fetch all the booking IDs using GET API and receive valid response" classname="..\api-test\restful-booker-api-module.spec.ts" time="0.505">
<properties>
<property name="Test Case link" value="https://dev.azure.com/wishinfinite/Wishinfinite/_workitems/edit/8">
</property>
</properties>
<system-out>
<![CDATA[[
  { bookingid: [33m950[39m },  { bookingid: [33m1068[39m }, { bookingid: [33m1324[39m },
  { bookingid: [33m1626[39m }, { bookingid: [33m1150[39m }, { bookingid: [33m495[39m },
  { bookingid: [33m28[39m },   { bookingid: [33m237[39m },  { bookingid: [33m553[39m },
  { bookingid: [33m203[39m },  { bookingid: [33m730[39m },  { bookingid: [33m687[39m },
  { bookingid: [33m217[39m },  { bookingid: [33m1869[39m }, { bookingid: [33m282[39m },
  { bookingid: [33m865[39m },  { bookingid: [33m1544[39m }, { bookingid: [33m1974[39m },
  { bookingid: [33m1895[39m }, { bookingid: [33m850[39m },  { bookingid: [33m1643[39m },
  { bookingid: [33m1093[39m }, { bookingid: [33m316[39m },  { bookingid: [33m214[39m },
  { bookingid: [33m740[39m },  { bookingid: [33m835[39m },  { bookingid: [33m642[39m },
  { bookingid: [33m1868[39m }, { bookingid: [33m9[39m },    { bookingid: [33m1097[39m },
  { bookingid: [33m266[39m },  { bookingid: [33m707[39m },  { bookingid: [33m1101[39m },
  { bookingid: [33m1971[39m }, { bookingid: [33m729[39m },  { bookingid: [33m1421[39m },
  { bookingid: [33m645[39m },  { bookingid: [33m1752[39m }, { bookingid: [33m27[39m },
  { bookingid: [33m1844[39m }, { bookingid: [33m1671[39m }, { bookingid: [33m40[39m },
  { bookingid: [33m291[39m },  { bookingid: [33m1379[39m }, { bookingid: [33m751[39m },
  { bookingid: [33m1437[39m }, { bookingid: [33m978[39m },  { bookingid: [33m1083[39m },
  { bookingid: [33m1832[39m }, { bookingid: [33m180[39m },  { bookingid: [33m814[39m },
  { bookingid: [33m1713[39m }, { bookingid: [33m1739[39m }, { bookingid: [33m1127[39m },
  { bookingid: [33m1590[39m }, { bookingid: [33m2027[39m }, { bookingid: [33m65[39m },
  { bookingid: [33m1027[39m }, { bookingid: [33m100[39m },  { bookingid: [33m1396[39m },
  { bookingid: [33m885[39m },  { bookingid: [33m31[39m },   { bookingid: [33m1630[39m },
  { bookingid: [33m84[39m },   { bookingid: [33m745[39m },  { bookingid: [33m1704[39m },
  { bookingid: [33m749[39m },  { bookingid: [33m117[39m },  { bookingid: [33m300[39m },
  { bookingid: [33m1995[39m }, { bookingid: [33m1238[39m }, { bookingid: [33m345[39m },
  { bookingid: [33m2014[39m }, { bookingid: [33m677[39m },  { bookingid: [33m1664[39m },
  { bookingid: [33m672[39m },  { bookingid: [33m1928[39m }, { bookingid: [33m1267[39m },
  { bookingid: [33m1002[39m }, { bookingid: [33m874[39m },  { bookingid: [33m837[39m },
  { bookingid: [33m1125[39m }, { bookingid: [33m1730[39m }, { bookingid: [33m2016[39m },
  { bookingid: [33m886[39m },  { bookingid: [33m184[39m },  { bookingid: [33m1683[39m },
  { bookingid: [33m1118[39m }, { bookingid: [33m43[39m },   { bookingid: [33m804[39m },
  { bookingid: [33m1111[39m }, { bookingid: [33m1654[39m }, { bookingid: [33m1155[39m },
  { bookingid: [33m7[39m },    { bookingid: [33m1075[39m }, { bookingid: [33m1138[39m },
  { bookingid: [33m390[39m },  { bookingid: [33m442[39m },  { bookingid: [33m690[39m },
  { bookingid: [33m375[39m },
  ... 1313 more items
]
]]>
</system-out>
</testcase>
<testcase name="id - 9 [Restful-Booker &gt; Booking] Verify that the user is able to fetch booking details for a booking id using GET API and receives" classname="..\api-test\restful-booker-api-module.spec.ts" time="0.405">
<properties>
<property name="Test Case link" value="https://dev.azure.com/wishinfinite/Wishinfinite/_workitems/edit/9">
</property>
</properties>
<failure message="restful-booker-api-module.spec.ts:32:7 id - 9 [Restful-Booker &gt; Booking] Verify that the user is able to fetch booking details for a booking id using GET API and receives" type="FAILURE">
<![CDATA[  [apiTest] › ..\api-test\restful-booker-api-module.spec.ts:32:7 › id - 9 [Restful-Booker > Booking] Verify that the user is able to fetch booking details for a booking id using GET API and receives @API @UAT 

    Error: expect(received).toEqual(expected) // deep equality

    Expected: "Whish"
    Received: "Mark"

      44 |   expect(bookingResp.statusText()).toBe('OK');
      45 |   expect(bookingJsonResp).not.toBeNull();
    > 46 |   expect(bookingJsonResp.firstname).toEqual(restfulApiData.first_name);
         |                                     ^
      47 | }
      48 | );
      49 |
        at C:\PlaywrightProjects\Playwright_Framework\tests\api-test\restful-booker-api-module.spec.ts:46:37

    attachment #1: trace (application/zip) ─────────────────────────────────────────────────────────
    ..\..\test-results\restful-booker-api-module--2d81f--using-GET-API-and-receives-apiTest\trace.zip
    Usage:

        npx playwright show-trace ..\..\test-results\restful-booker-api-module--2d81f--using-GET-API-and-receives-apiTest\trace.zip

    ────────────────────────────────────────────────────────────────────────────────────────────────
]]>
</failure>
<system-out>
<![CDATA[{
  firstname: [32m'Mark'[39m,
  lastname: [32m'Brown'[39m,
  totalprice: [33m573[39m,
  depositpaid: [33mtrue[39m,
  bookingdates: { checkin: [32m'2017-02-08'[39m, checkout: [32m'2021-06-01'[39m }
}

[[ATTACHMENT|restful-booker-api-module--2d81f--using-GET-API-and-receives-apiTest\trace.zip]]
]]>
</system-out>
</testcase>
<testcase name="id - 10 [Restful-Booker &gt; Booking] Verify that the user is able to create new booking using Post API and receive valid response" classname="..\api-test\restful-booker-api-module.spec.ts" time="1.094">
<properties>
<property name="Test Case Link" value="https://dev.azure.com/wishinfinite/Wishinfinite/_workitems/edit/9">
</property>
</properties>
</testcase>
<testcase name="id - 11 [Restful-Booker &gt; Booking] Verify that the user is able to Update existing booking using Put API and receive valid response" classname="..\api-test\restful-booker-api-module.spec.ts" time="0.676">
<properties>
<property name="Test Case Link" value="https://dev.azure.com/wishinfinite/Wishinfinite/_workitems/edit/11">
</property>
</properties>
<failure message="restful-booker-api-module.spec.ts:66:5 id - 11 [Restful-Booker &gt; Booking] Verify that the user is able to Update existing booking using Put API and receive valid response" type="FAILURE">
<![CDATA[  [apiTest] › ..\api-test\restful-booker-api-module.spec.ts:66:5 › id - 11 [Restful-Booker > Booking] Verify that the user is able to Update existing booking using Put API and receive valid response @API @UAT 

    SyntaxError: Unexpected token 'F', "Forbidden" is not valid JSON

      78 |     data:restfulApiData.update_booking
      79 |   })
    > 80 |  const updateBookingJsonRes=await updateBookingRes.json();
         |                             ^
      81 |  expect(updateBookingRes.status()).toBe(200);
      82 |  expect(updateBookingJsonRes).toMatchObject(restfulApiData.update_booking);
      83 | }
        at C:\PlaywrightProjects\Playwright_Framework\tests\api-test\restful-booker-api-module.spec.ts:80:29

    attachment #1: trace (application/zip) ─────────────────────────────────────────────────────────
    ..\..\test-results\restful-booker-api-module--85ccd--and-receive-valid-response-apiTest\trace.zip
    Usage:

        npx playwright show-trace ..\..\test-results\restful-booker-api-module--85ccd--and-receive-valid-response-apiTest\trace.zip

    ────────────────────────────────────────────────────────────────────────────────────────────────
]]>
</failure>
<system-out>
<![CDATA[

[90mundefined[39m

[[ATTACHMENT|restful-booker-api-module--85ccd--and-receive-valid-response-apiTest\trace.zip]]
]]>
</system-out>
</testcase>
<testcase name="ID -12 - [Restful-Booker] Booking Verify that the user is able to partially update existing booking using PATCH API and receive val" classname="..\api-test\restful-booker-api-module.spec.ts" time="1.687">
<properties>
<property name="Test Case Link" value="https://dev.azure.com/wishinfinite/WishInfinite/_workitems/edit/12">
</property>
</properties>
<failure message="restful-booker-api-module.spec.ts:86:5 ID -12 - [Restful-Booker] Booking Verify that the user is able to partially update existing booking using PATCH API and receive val" type="FAILURE">
<![CDATA[  [apiTest] › ..\api-test\restful-booker-api-module.spec.ts:86:5 › ID -12 - [Restful-Booker] Booking Verify that the user is able to partially update existing booking using PATCH API and receive val @API @UAT 

    SyntaxError: Unexpected token 'F', "Forbidden" is not valid JSON

      102 |   })
      103 |
    > 104 |   const partialUpdateBookingJsonResp = await partialUpdateBookingResp.json();
          |                                        ^
      105 |   expect(partialUpdateBookingResp.status()).toBe(200);
      106 |   expect(partialUpdateBookingJsonResp.firstname).toMatch(restfulApiData.update_partial_booking.firstname);
      107 |    expect(partialUpdateBookingJsonResp.lastname).toMatch(restfulApiData.update_partial_booking.lastname);
        at C:\PlaywrightProjects\Playwright_Framework\tests\api-test\restful-booker-api-module.spec.ts:104:40

    attachment #1: trace (application/zip) ─────────────────────────────────────────────────────────
    ..\..\test-results\restful-booker-api-module--dba70-g-PATCH-API-and-receive-val-apiTest\trace.zip
    Usage:

        npx playwright show-trace ..\..\test-results\restful-booker-api-module--dba70-g-PATCH-API-and-receive-val-apiTest\trace.zip

    ────────────────────────────────────────────────────────────────────────────────────────────────
]]>
</failure>
<system-out>
<![CDATA[

[90mundefined[39m

[[ATTACHMENT|restful-booker-api-module--dba70-g-PATCH-API-and-receive-val-apiTest\trace.zip]]
]]>
</system-out>
</testcase>
<testcase name="ID -13 - [Restful-Booker] Booking Verify that the user is able to delete existing booking using Delete API and receive valid re" classname="..\api-test\restful-booker-api-module.spec.ts" time="1.528">
<properties>
<property name="Test Case Link" value="https://dev.azure.com/wishinfinite/WishInfinite/_workitems/edit/13">
</property>
</properties>
<failure message="restful-booker-api-module.spec.ts:110:5 ID -13 - [Restful-Booker] Booking Verify that the user is able to delete existing booking using Delete API and receive valid re" type="FAILURE">
<![CDATA[  [apiTest] › ..\api-test\restful-booker-api-module.spec.ts:110:5 › ID -13 - [Restful-Booker] Booking Verify that the user is able to delete existing booking using Delete API and receive valid re @API @UAT 

    Error: expect(received).toBe(expected) // Object.is equality

    Expected: 201
    Received: 403

      126 |   });
      127 |
    > 128 |   expect(deleteBookingResp.status()).toBe(201);
          |                                      ^
      129 |   expect(deleteBookingResp.statusText()).toBe("Created"); // NOTE: Status text 'Created' (201) is often incorrect for a successful DELETE (should be 204 No Content or 200 OK)
      130 |
      131 |   const getBookingResp = await request.get(`${apiPathData.booking_path}/${restfulApiData.booking_id3}`);
        at C:\PlaywrightProjects\Playwright_Framework\tests\api-test\restful-booker-api-module.spec.ts:128:38

    attachment #1: trace (application/zip) ─────────────────────────────────────────────────────────
    ..\..\test-results\restful-booker-api-module--c36ce-te-API-and-receive-valid-re-apiTest\trace.zip
    Usage:

        npx playwright show-trace ..\..\test-results\restful-booker-api-module--c36ce-te-API-and-receive-valid-re-apiTest\trace.zip

    ────────────────────────────────────────────────────────────────────────────────────────────────
]]>
</failure>
<system-out>
<![CDATA[

[90mundefined[39m

[[ATTACHMENT|restful-booker-api-module--c36ce-te-API-and-receive-valid-re-apiTest\trace.zip]]
]]>
</system-out>
</testcase>
</testsuite>
</testsuites>